"Start of log file."
"C:/Users/toshiba/Desktop/AUI_Repo/AUI/Assets/Models/FOOD&D~1/WATERB~1/AQUAFI~1.MAX"
"Starting max loading and fbx conversion"
window = undefined
"Settings units"
"Before fbx export"
"After fbx export"
"Finished max loading and fbx conversion"
"C:/Users/toshiba/Desktop/AUI_Repo/AUI/Assets/Models/FOOD&D~1/Pizza/PIZZA_~1.MAX"
"Starting max loading and fbx conversion"
window = undefined
"Settings units"
"Before fbx export"
"After fbx export"
"Finished max loading and fbx conversion"
"C:/Users/toshiba/Desktop/AUI_Repo/AUI/Assets/Models/Hygiene/HAIRBR~1/GHD_HA~1.MAX"
"Starting max loading and fbx conversion"
window = undefined
"Settings units"
"Before fbx export"
"After fbx export"
"Finished max loading and fbx conversion"
"C:/Users/toshiba/Desktop/AUI_Repo/AUI/Assets/Models/Hygiene/Soap/milo.max"
"Starting max loading and fbx conversion"
window = undefined
"Settings units"
"Before fbx export"
"After fbx export"
"Finished max loading and fbx conversion"
"C:/Users/toshiba/Desktop/AUI_Repo/AUI/Assets/Models/Hygiene/Soap/SOAP_B~2.MAX"
"Starting max loading and fbx conversion"
window = undefined
"Settings units"
"Before fbx export"
"After fbx export"
"Finished max loading and fbx conversion"
"C:/Users/toshiba/Desktop/AUI_Repo/AUI/Assets/Models/Hygiene/Soap/SOAP_B~1.MAX"
"Starting max loading and fbx conversion"
window = undefined
"Settings units"
"Before fbx export"
"After fbx export"
"Finished max loading and fbx conversion"
"C:/Users/toshiba/Desktop/AUI_Repo/AUI/Assets/Models/Hygiene/Soap/milo.max"
"Starting max loading and fbx conversion"
window = undefined
"Settings units"
"Before fbx export"
"After fbx export"
"Finished max loading and fbx conversion"
